<?xml version="1.0" encoding="UTF-8"?>
<testng-results skipped="0" failed="0" total="1" passed="1">
  <reporter-output>
  </reporter-output>
  <suite name="Suite" duration-ms="56065" started-at="2016-06-17T02:41:13Z" finished-at="2016-06-17T02:42:10Z">
    <groups>
    </groups>
    <test name="Test" duration-ms="56065" started-at="2016-06-17T02:41:13Z" finished-at="2016-06-17T02:42:10Z">
      <class name="testing.jenkis.Prueba1">
        <test-method status="PASS" signature="principal()[pri:0, instance:testing.jenkis.Prueba1@c64813]" name="principal" duration-ms="56055" started-at="2016-06-16T21:41:13Z" finished-at="2016-06-16T21:42:10Z">
          <reporter-output>
          </reporter-output>
        </test-method> <!-- principal -->
      </class> <!-- testing.jenkis.Prueba1 -->
    </test> <!-- Test -->
  </suite> <!-- Suite -->
</testng-results>
