<?xml version="1.0" encoding="UTF-8"?>
<testng-results skipped="0" failed="0" total="1" passed="1">
  <reporter-output>
  </reporter-output>
  <suite name="Suite" duration-ms="22220" started-at="2016-06-17T02:51:27Z" finished-at="2016-06-17T02:51:50Z">
    <groups>
    </groups>
    <test name="Test" duration-ms="22220" started-at="2016-06-17T02:51:27Z" finished-at="2016-06-17T02:51:50Z">
      <class name="testing.jenkis.Prueba1">
        <test-method status="PASS" signature="principal()[pri:0, instance:testing.jenkis.Prueba1@64c64813]" name="principal" duration-ms="22129" started-at="2016-06-16T21:51:27Z" finished-at="2016-06-16T21:51:50Z">
          <reporter-output>
          </reporter-output>
        </test-method> <!-- principal -->
      </class> <!-- testing.jenkis.Prueba1 -->
    </test> <!-- Test -->
  </suite> <!-- Suite -->
</testng-results>
